<?xml version="1.0" encoding="UTF-8"?>
<testng-results skipped="4" failed="0" total="4" passed="0">
  <reporter-output>
  </reporter-output>
  <suite name="Default suite" duration-ms="11019" started-at="2018-05-18T04:59:20Z" finished-at="2018-05-18T04:59:31Z">
    <groups>
    </groups>
    <test name="Default test" duration-ms="11019" started-at="2018-05-18T04:59:20Z" finished-at="2018-05-18T04:59:31Z">
      <class name="org_Package.Selenium_Project.LoginTestMe">
        <test-method status="FAIL" signature="beforeTest()[pri:0, instance:org_Package.Selenium_Project.LoginTestMe@4667ae56]" name="beforeTest" is-config="true" duration-ms="0" started-at="2018-05-18T10:29:20Z" finished-at="2018-05-18T10:29:20Z">
          <exception class="org.openqa.selenium.WebDriverException">
            <message>
              <![CDATA[Reached error page: about:neterror?e=connectionFailure&u=http%3A//localhost%3A8083/TestMeApp/login.htm&c=UTF-8&f=regular&d=Firefox%20can%E2%80%99t%20establish%20a%20connection%20to%20the%20server%20at%20localhost%3A8083.
Build info: version: '3.4.0', revision: 'unknown', time: 'unknown'
System info: host: 'P5-H81KX52', ip: '10.253.181.165', os.name: 'Windows 10', os.arch: 'amd64', os.version: '10.0', java.version: '1.8.0_161'
Driver info: org.openqa.selenium.firefox.FirefoxDriver
Capabilities [{moz:profile=C:\Users\A06438_P5.training\AppData\Local\Temp\rust_mozprofile.hE2buL0Kd0KB, rotatable=false, timeouts={implicit=0.0, pageLoad=300000.0, script=30000.0}, pageLoadStrategy=normal, moz:headless=false, platform=ANY, moz:accessibilityChecks=false, moz:useNonSpecCompliantPointerOrigin=false, acceptInsecureCerts=false, browserVersion=60.0, platformVersion=10.0, moz:processID=15156.0, browserName=firefox, javascriptEnabled=true, platformName=windows_nt, moz:webdriverClick=true}]
Session ID: ef2de6f5-8657-4a3e-8a7b-38dcb02f2b3b]]>
            </message>
            <full-stacktrace>
              <![CDATA[org.openqa.selenium.WebDriverException: Reached error page: about:neterror?e=connectionFailure&u=http%3A//localhost%3A8083/TestMeApp/login.htm&c=UTF-8&f=regular&d=Firefox%20can%E2%80%99t%20establish%20a%20connection%20to%20the%20server%20at%20localhost%3A8083.
Build info: version: '3.4.0', revision: 'unknown', time: 'unknown'
System info: host: 'P5-H81KX52', ip: '10.253.181.165', os.name: 'Windows 10', os.arch: 'amd64', os.version: '10.0', java.version: '1.8.0_161'
Driver info: org.openqa.selenium.firefox.FirefoxDriver
Capabilities [{moz:profile=C:\Users\A06438_P5.training\AppData\Local\Temp\rust_mozprofile.hE2buL0Kd0KB, rotatable=false, timeouts={implicit=0.0, pageLoad=300000.0, script=30000.0}, pageLoadStrategy=normal, moz:headless=false, platform=ANY, moz:accessibilityChecks=false, moz:useNonSpecCompliantPointerOrigin=false, acceptInsecureCerts=false, browserVersion=60.0, platformVersion=10.0, moz:processID=15156.0, browserName=firefox, javascriptEnabled=true, platformName=windows_nt, moz:webdriverClick=true}]
Session ID: ef2de6f5-8657-4a3e-8a7b-38dcb02f2b3b
	at sun.reflect.NativeConstructorAccessorImpl.newInstance0(Native Method)
	at sun.reflect.NativeConstructorAccessorImpl.newInstance(Unknown Source)
	at sun.reflect.DelegatingConstructorAccessorImpl.newInstance(Unknown Source)
	at java.lang.reflect.Constructor.newInstance(Unknown Source)
	at org.openqa.selenium.remote.http.W3CHttpResponseCodec.createException(W3CHttpResponseCodec.java:150)
	at org.openqa.selenium.remote.http.W3CHttpResponseCodec.decode(W3CHttpResponseCodec.java:115)
	at org.openqa.selenium.remote.http.W3CHttpResponseCodec.decode(W3CHttpResponseCodec.java:45)
	at org.openqa.selenium.remote.HttpCommandExecutor.execute(HttpCommandExecutor.java:164)
	at org.openqa.selenium.remote.service.DriverCommandExecutor.execute(DriverCommandExecutor.java:82)
	at org.openqa.selenium.remote.RemoteWebDriver.execute(RemoteWebDriver.java:637)
	at org.openqa.selenium.remote.RemoteWebDriver.get(RemoteWebDriver.java:364)
	at org_Package.Selenium_Project.LoginTestMe.beforeTest(LoginTestMe.java:108)
	at sun.reflect.NativeMethodAccessorImpl.invoke0(Native Method)
	at sun.reflect.NativeMethodAccessorImpl.invoke(Unknown Source)
	at sun.reflect.DelegatingMethodAccessorImpl.invoke(Unknown Source)
	at java.lang.reflect.Method.invoke(Unknown Source)
	at org.testng.internal.MethodInvocationHelper.invokeMethod(MethodInvocationHelper.java:85)
	at org.testng.internal.Invoker.invokeConfigurationMethod(Invoker.java:510)
	at org.testng.internal.Invoker.invokeConfigurations(Invoker.java:211)
	at org.testng.internal.Invoker.invokeConfigurations(Invoker.java:138)
	at org.testng.TestRunner.beforeRun(TestRunner.java:648)
	at org.testng.TestRunner.run(TestRunner.java:616)
	at org.testng.SuiteRunner.runTest(SuiteRunner.java:359)
	at org.testng.SuiteRunner.runSequentially(SuiteRunner.java:354)
	at org.testng.SuiteRunner.privateRun(SuiteRunner.java:312)
	at org.testng.SuiteRunner.run(SuiteRunner.java:261)
	at org.testng.SuiteRunnerWorker.runSuite(SuiteRunnerWorker.java:52)
	at org.testng.SuiteRunnerWorker.run(SuiteRunnerWorker.java:86)
	at org.testng.TestNG.runSuitesSequentially(TestNG.java:1215)
	at org.testng.TestNG.runSuitesLocally(TestNG.java:1140)
	at org.testng.TestNG.run(TestNG.java:1048)
	at org.testng.remote.AbstractRemoteTestNG.run(AbstractRemoteTestNG.java:114)
	at org.testng.remote.RemoteTestNG.initAndRun(RemoteTestNG.java:251)
	at org.testng.remote.RemoteTestNG.main(RemoteTestNG.java:77)
]]>
            </full-stacktrace>
          </exception> <!-- org.openqa.selenium.WebDriverException -->
          <reporter-output>
          </reporter-output>
        </test-method> <!-- beforeTest -->
        <test-method status="SKIP" signature="test_me_login(java.lang.String, java.lang.String)[pri:1, instance:org_Package.Selenium_Project.LoginTestMe@4667ae56]" name="test_me_login" duration-ms="0" started-at="2018-05-18T10:29:31Z" data-provider="logindata" finished-at="2018-05-18T10:29:31Z">
          <params>
            <param index="0">
              <value>
                <![CDATA[admin]]>
              </value>
            </param>
            <param index="1">
              <value>
                <![CDATA[Password456]]>
              </value>
            </param>
          </params>
          <reporter-output>
          </reporter-output>
        </test-method> <!-- test_me_login -->
        <test-method status="SKIP" signature="test_me_login(java.lang.String, java.lang.String)[pri:1, instance:org_Package.Selenium_Project.LoginTestMe@4667ae56]" name="test_me_login" duration-ms="0" started-at="2018-05-18T10:29:31Z" data-provider="logindata" finished-at="2018-05-18T10:29:31Z">
          <params>
            <param index="0">
              <value>
                <![CDATA[admin]]>
              </value>
            </param>
            <param index="1">
              <value>
                <![CDATA[Password456]]>
              </value>
            </param>
          </params>
          <reporter-output>
          </reporter-output>
        </test-method> <!-- test_me_login -->
        <test-method status="SKIP" signature="test_me_login(java.lang.String, java.lang.String)[pri:1, instance:org_Package.Selenium_Project.LoginTestMe@4667ae56]" name="test_me_login" duration-ms="0" started-at="2018-05-18T10:29:31Z" data-provider="logindata" finished-at="2018-05-18T10:29:31Z">
          <params>
            <param index="0">
              <value>
                <![CDATA[Lalitha]]>
              </value>
            </param>
            <param index="1">
              <value>
                <![CDATA[Password123]]>
              </value>
            </param>
          </params>
          <reporter-output>
          </reporter-output>
        </test-method> <!-- test_me_login -->
        <test-method status="SKIP" signature="select_Category()[pri:2, instance:org_Package.Selenium_Project.LoginTestMe@4667ae56]" name="select_Category" duration-ms="0" started-at="2018-05-18T10:29:31Z" finished-at="2018-05-18T10:29:31Z">
          <reporter-output>
          </reporter-output>
        </test-method> <!-- select_Category -->
      </class> <!-- org_Package.Selenium_Project.LoginTestMe -->
    </test> <!-- Default test -->
  </suite> <!-- Default suite -->
</testng-results>
